<?xml version="1.0" encoding="utf-8"?><testsuites name="pytest tests"><testsuite name="pytest" errors="0" failures="2" skipped="0" tests="27" time="9.794" timestamp="2026-09-01T04:30:56.602073+00:00" hostname="agent-env-004686be-10eb-4112-946d-9b70f8c81d09"><testcase classname="tests.backend_test.TestAuth" name="test_login_success" time="0.628" /><testcase classname="tests.backend_test.TestAuth" name="test_login_wrong_password" time="0.301" /><testcase classname="tests.backend_test.TestAuth" name="test_me_requires_token" time="0.070" /><testcase classname="tests.backend_test.TestAuth" name="test_me_rejects_bad_token" time="0.025" /><testcase classname="tests.backend_test.TestAuth" name="test_signup_pending_then_approve_then_login_and_reject" time="1.229" /><testcase classname="tests.backend_test.TestAuth" name="test_signup_short_password_rejected" time="0.027" /><testcase classname="tests.backend_test.TestAuth" name="test_admin_cannot_be_deleted" time="0.185" /><testcase classname="tests.backend_test.TestAuth" name="test_brute_force_lockout" time="1.561"><failure message="AssertionError: no lockout after 6 failed logins, codes=[401, 401, 401, 401, 401, 401]&#10;assert (423 in [401, 401, 401, 401, 401, 401] or 429 in [401, 401, 401, 401, 401, 401])">E   AssertionError: no lockout after 6 failed logins, codes=[401, 401, 401, 401, 401, 401]
    assert (423 in [401, 401, 401, 401, 401, 401] or 429 in [401, 401, 401, 401, 401, 401])</failure></testcase><testcase classname="tests.backend_test.TestOwners" name="test_seed_owners_present" time="0.359" /><testcase classname="tests.backend_test.TestOwners" name="test_create_and_update_owner" time="0.151" /><testcase classname="tests.backend_test.TestOwners" name="test_owners_requires_auth" time="0.081" /><testcase classname="tests.backend_test.TestTransactions" name="test_create_computes_netto_and_persists" time="0.681" /><testcase classname="tests.backend_test.TestTransactions" name="test_empty_tare_treated_as_zero" time="0.078" /><testcase classname="tests.backend_test.TestTransactions" name="test_gross_over_capacity_rejected" time="0.070" /><testcase classname="tests.backend_test.TestTransactions" name="test_lunch_break_rejected" time="0.031" /><testcase classname="tests.backend_test.TestTransactions" name="test_outside_hours_rejected" time="0.074" /><testcase classname="tests.backend_test.TestTransactions" name="test_exit_before_arrival_rejected" time="0.074" /><testcase classname="tests.backend_test.TestTransactions" name="test_unknown_owner_rejected" time="0.031" /><testcase classname="tests.backend_test.TestTransactions" name="test_delete_by_date_only_that_date" time="0.483" /><testcase classname="tests.backend_test.TestGenerator" name="test_infeasible_returns_422_and_is_atomic" time="0.702" /><testcase classname="tests.backend_test.TestGenerator" name="test_invalid_inputs" time="0.237" /><testcase classname="tests.backend_test.TestGenerator" name="test_feasible_exact_target_and_rules" time="0.211" /><testcase classname="tests.backend_test.TestAnalyticsExport" name="test_summary_totals_and_filters" time="0.560" /><testcase classname="tests.backend_test.TestAnalyticsExport" name="test_excel_export_contains_formulas" time="0.092" /><testcase classname="tests.backend_test.TestAnalyticsExport" name="test_export_requires_auth" time="0.141" /><testcase classname="tests.backend_test.TestBatches" name="test_new_batch_archives_previous_and_keeps_old_data" time="0.775" /><testcase classname="tests.test_tx_code.TestTransactionCodeUniqueness" name="test_code_not_reused_after_delete" time="0.700"><failure message="AssertionError: duplicate transaction_code generated after delete: SJM-202610-002 == SJM-202610-002&#10;assert 'SJM-202610-002' != 'SJM-202610-002'">E   AssertionError: duplicate transaction_code generated after delete: SJM-202610-002 == SJM-202610-002
    assert 'SJM-202610-002' != 'SJM-202610-002'</failure></testcase></testsuite></testsuites>