<?xml version="1.0" encoding="utf-8"?><testsuites name="pytest tests"><testsuite name="pytest" errors="0" failures="0" skipped="0" tests="34" time="12.935" timestamp="2026-09-01T04:38:37.632943+00:00" hostname="agent-env-004686be-10eb-4112-946d-9b70f8c81d09"><testcase classname="tests.backend_test.TestAuth" name="test_login_success" time="0.563" /><testcase classname="tests.backend_test.TestAuth" name="test_login_wrong_password" time="0.285" /><testcase classname="tests.backend_test.TestAuth" name="test_me_requires_token" time="0.074" /><testcase classname="tests.backend_test.TestAuth" name="test_me_rejects_bad_token" time="0.025" /><testcase classname="tests.backend_test.TestAuth" name="test_signup_pending_then_approve_then_login_and_reject" time="1.091" /><testcase classname="tests.backend_test.TestAuth" name="test_signup_short_password_rejected" time="0.026" /><testcase classname="tests.backend_test.TestAuth" name="test_admin_cannot_be_deleted" time="0.179" /><testcase classname="tests.backend_test.TestAuth" name="test_brute_force_lockout" time="0.400" /><testcase classname="tests.backend_test.TestOwners" name="test_seed_owners_present" time="0.356" /><testcase classname="tests.backend_test.TestOwners" name="test_create_and_update_owner" time="0.190" /><testcase classname="tests.backend_test.TestOwners" name="test_owners_requires_auth" time="0.083" /><testcase classname="tests.backend_test.TestTransactions" name="test_create_computes_netto_and_persists" time="0.990" /><testcase classname="tests.backend_test.TestTransactions" name="test_empty_tare_treated_as_zero" time="0.079" /><testcase classname="tests.backend_test.TestTransactions" name="test_gross_over_capacity_rejected" time="0.072" /><testcase classname="tests.backend_test.TestTransactions" name="test_lunch_break_rejected" time="0.078" /><testcase classname="tests.backend_test.TestTransactions" name="test_outside_hours_rejected" time="0.044" /><testcase classname="tests.backend_test.TestTransactions" name="test_exit_before_arrival_rejected" time="0.034" /><testcase classname="tests.backend_test.TestTransactions" name="test_unknown_owner_rejected" time="0.077" /><testcase classname="tests.backend_test.TestTransactions" name="test_delete_by_date_only_that_date" time="0.481" /><testcase classname="tests.backend_test.TestGenerator" name="test_infeasible_returns_422_and_is_atomic" time="0.519" /><testcase classname="tests.backend_test.TestGenerator" name="test_invalid_inputs" time="0.109" /><testcase classname="tests.backend_test.TestGenerator" name="test_feasible_exact_target_and_rules" time="0.260" /><testcase classname="tests.backend_test.TestAnalyticsExport" name="test_summary_totals_and_filters" time="0.543" /><testcase classname="tests.backend_test.TestAnalyticsExport" name="test_excel_export_contains_formulas" time="0.097" /><testcase classname="tests.backend_test.TestAnalyticsExport" name="test_export_requires_auth" time="0.107" /><testcase classname="tests.backend_test.TestBatches" name="test_new_batch_archives_previous_and_keeps_old_data" time="0.712" /><testcase classname="tests.test_fixes_iter2.TestTxCodeCounter" name="test_code_unique_after_delete_and_with_generator" time="0.848" /><testcase classname="tests.test_fixes_iter2.TestTxCodeCounter" name="test_edit_keeps_code" time="0.123" /><testcase classname="tests.test_fixes_iter2.TestLockoutReset" name="test_attempts_reset_after_success" time="2.501" /><testcase classname="tests.test_fixes_iter2.TestBatchLabels" name="test_new_batch_label_unique" time="0.605" /><testcase classname="tests.test_fixes_iter2.TestCors" name="test_app_preflight_echoes_explicit_origin" time="0.002" /><testcase classname="tests.test_fixes_iter2.TestCors" name="test_app_rejects_unknown_origin" time="0.001" /><testcase classname="tests.test_fixes_iter2.TestCors" name="test_public_request_with_origin_succeeds" time="0.320" /><testcase classname="tests.test_tx_code.TestTransactionCodeUniqueness" name="test_code_not_reused_after_delete" time="0.728" /></testsuite></testsuites>