<?xml version="1.0" encoding="utf-8"?><testsuites name="pytest tests"><testsuite name="pytest" errors="0" failures="0" skipped="0" tests="14" time="3.171" timestamp="2026-09-01T06:55:25.923099+00:00" hostname="agent-env-004686be-10eb-4112-946d-9b70f8c81d09"><testcase classname="tests.test_finance_iter3.TestFinanceDay" name="test_summary_before_grading" time="1.695" /><testcase classname="tests.test_finance_iter3.TestFinanceDay" name="test_tare_distribution_exact_and_bounded" time="0.126" /><testcase classname="tests.test_finance_iter3.TestFinanceDay" name="test_day_row_formulas" time="0.039" /><testcase classname="tests.test_finance_iter3.TestFinanceDay" name="test_resubmit_is_idempotent_overwrite" time="0.146" /><testcase classname="tests.test_finance_iter3.TestFinanceDay" name="test_totals_aggregate" time="0.043" /><testcase classname="tests.test_finance_iter3.TestFinanceDay" name="test_date_filter" time="0.078" /><testcase classname="tests.test_finance_iter3.TestFinanceDay" name="test_validation_no_transactions" time="0.078" /><testcase classname="tests.test_finance_iter3.TestFinanceDay" name="test_validation_tare_ge_netto" time="0.074" /><testcase classname="tests.test_finance_iter3.TestFinanceDay" name="test_validation_bad_prices" time="0.159" /><testcase classname="tests.test_finance_iter3.TestFinanceDay" name="test_zero_tare_allowed" time="0.125" /><testcase classname="tests.test_finance_iter3.TestFinanceDay" name="test_requires_auth" time="0.207" /><testcase classname="tests.test_finance_iter3.TestLiveBatchReadOnly" name="test_live_summary_consistent" time="0.040" /><testcase classname="tests.test_finance_iter3.TestLiveBatchReadOnly" name="test_analytics_summary_matches_finance" time="0.081" /><testcase classname="tests.test_finance_iter3.TestLiveBatchReadOnly" name="test_export_excel_downloads" time="0.231" /></testsuite></testsuites>